<?xml version="1.0" encoding="UTF-8" ?>
<testsuite tests="15" failures="0" name="com.alibaba.dubbo.common.extensionloader.ExtensionLoader_Adaptive_UseJdkCompiler_Test" time="0.002" errors="0" skipped="0">
  <properties>
[...]
</properties>
  <testcase classname="com.alibaba.dubbo.common.extensionloader.ExtensionLoader_Adaptive_UseJdkCompiler_Test" name="test_getAdaptiveExtension_ExceptionWhenNoAdaptiveMethodOnInterface" time="0"/>
  <testcase classname="com.alibaba.dubbo.common.extensionloader.ExtensionLoader_Adaptive_UseJdkCompiler_Test" name="test_getAdaptiveExtension_InjectNotExtFail" time="0"/>
  <testcase classname="com.alibaba.dubbo.common.extensionloader.ExtensionLoader_Adaptive_UseJdkCompiler_Test" name="test_useAdaptiveClass" time="0"/>
  <testcase classname="com.alibaba.dubbo.common.extensionloader.ExtensionLoader_Adaptive_UseJdkCompiler_Test" name="test_getAdaptiveExtension_customizeAdaptiveKey" time="0.001"/>
  <testcase classname="com.alibaba.dubbo.common.extensionloader.ExtensionLoader_Adaptive_UseJdkCompiler_Test" name="test_urlHolder_getAdaptiveExtension_noExtension" time="0"/>
  <testcase classname="com.alibaba.dubbo.common.extensionloader.ExtensionLoader_Adaptive_UseJdkCompiler_Test" name="test_getAdaptiveExtension_ExceptionWhenNotAdaptiveMethod" time="0"/>
  <testcase classname="com.alibaba.dubbo.common.extensionloader.ExtensionLoader_Adaptive_UseJdkCompiler_Test" name="test_getAdaptiveExtension_protocolKey" time="0"/>
  <testcase classname="com.alibaba.dubbo.common.extensionloader.ExtensionLoader_Adaptive_UseJdkCompiler_Test" name="test_getAdaptiveExtension_UrlNpe" time="0"/>
  <testcase classname="com.alibaba.dubbo.common.extensionloader.ExtensionLoader_Adaptive_UseJdkCompiler_Test" name="test_getAdaptiveExtension_ExceptionWhenNoUrlAttribute" time="0"/>
  <testcase classname="com.alibaba.dubbo.common.extensionloader.ExtensionLoader_Adaptive_UseJdkCompiler_Test" name="test_urlHolder_getAdaptiveExtension_ExceptionWhenNameNotProvided" time="0"/>
  <testcase classname="com.alibaba.dubbo.common.extensionloader.ExtensionLoader_Adaptive_UseJdkCompiler_Test" name="test_getAdaptiveExtension_inject" time="0"/>
  <testcase classname="com.alibaba.dubbo.common.extensionloader.ExtensionLoader_Adaptive_UseJdkCompiler_Test" name="test_getAdaptiveExtension_defaultAdaptiveKey" time="0.001"/>
  <testcase classname="com.alibaba.dubbo.common.extensionloader.ExtensionLoader_Adaptive_UseJdkCompiler_Test" name="test_urlHolder_getAdaptiveExtension" time="0"/>
  <testcase classname="com.alibaba.dubbo.common.extensionloader.ExtensionLoader_Adaptive_UseJdkCompiler_Test" name="test_urlHolder_getAdaptiveExtension_ExceptionWhenNotAdativeMethod" time="0"/>
  <testcase classname="com.alibaba.dubbo.common.extensionloader.ExtensionLoader_Adaptive_UseJdkCompiler_Test" name="test_urlHolder_getAdaptiveExtension_UrlNpe" time="0"/>
</testsuite>